c:\users\patte\source\repos\cv64_rmg\mupen64plus-rsp-hle-static\x64\release\mupen64plus-rsp-hle-static.pdb
c:\users\patte\source\repos\cv64_rmg\mupen64plus-rsp-hle-static\x64\release\rsp-hle-static\re2.obj
c:\users\patte\source\repos\cv64_rmg\mupen64plus-rsp-hle-static\x64\release\rsp-hle-static\plugin.obj
c:\users\patte\source\repos\cv64_rmg\mupen64plus-rsp-hle-static\x64\release\rsp-hle-static\musyx.obj
c:\users\patte\source\repos\cv64_rmg\mupen64plus-rsp-hle-static\x64\release\rsp-hle-static\mp3.obj
c:\users\patte\source\repos\cv64_rmg\mupen64plus-rsp-hle-static\x64\release\rsp-hle-static\memory.obj
c:\users\patte\source\repos\cv64_rmg\mupen64plus-rsp-hle-static\x64\release\rsp-hle-static\jpeg.obj
c:\users\patte\source\repos\cv64_rmg\mupen64plus-rsp-hle-static\x64\release\rsp-hle-static\hvqm.obj
c:\users\patte\source\repos\cv64_rmg\mupen64plus-rsp-hle-static\x64\release\rsp-hle-static\hle.obj
c:\users\patte\source\repos\cv64_rmg\mupen64plus-rsp-hle-static\x64\release\rsp-hle-static\cicx105.obj
c:\users\patte\source\repos\cv64_rmg\mupen64plus-rsp-hle-static\x64\release\rsp-hle-static\audio.obj
c:\users\patte\source\repos\cv64_rmg\mupen64plus-rsp-hle-static\x64\release\rsp-hle-static\alist_nead.obj
c:\users\patte\source\repos\cv64_rmg\mupen64plus-rsp-hle-static\x64\release\rsp-hle-static\alist_naudio.obj
c:\users\patte\source\repos\cv64_rmg\mupen64plus-rsp-hle-static\x64\release\rsp-hle-static\alist_audio.obj
c:\users\patte\source\repos\cv64_rmg\mupen64plus-rsp-hle-static\x64\release\rsp-hle-static\alist.obj
c:\users\patte\source\repos\cv64_rmg\mupen64plus-rsp-hle-static\x64\release\mupen64plus-rsp-hle-static.lib
c:\users\patte\source\repos\cv64_rmg\mupen64plus-rsp-hle-static\x64\release\rsp-hle-static\mupen64plus-rsp-hle-static.vcxproj.filelistabsolute.txt
c:\users\patte\source\repos\cv64_rmg\mupen64plus-rsp-hle-static\x64\release\rsp-hle-static\mupen64p.b1b2c3d4.tlog\cl.command.1.tlog
c:\users\patte\source\repos\cv64_rmg\mupen64plus-rsp-hle-static\x64\release\rsp-hle-static\mupen64p.b1b2c3d4.tlog\cl.items.tlog
c:\users\patte\source\repos\cv64_rmg\mupen64plus-rsp-hle-static\x64\release\rsp-hle-static\mupen64p.b1b2c3d4.tlog\cl.read.1.tlog
c:\users\patte\source\repos\cv64_rmg\mupen64plus-rsp-hle-static\x64\release\rsp-hle-static\mupen64p.b1b2c3d4.tlog\cl.write.1.tlog
c:\users\patte\source\repos\cv64_rmg\mupen64plus-rsp-hle-static\x64\release\rsp-hle-static\mupen64p.b1b2c3d4.tlog\lib-link.read.1.tlog
c:\users\patte\source\repos\cv64_rmg\mupen64plus-rsp-hle-static\x64\release\rsp-hle-static\mupen64p.b1b2c3d4.tlog\lib-link.write.1.tlog
c:\users\patte\source\repos\cv64_rmg\mupen64plus-rsp-hle-static\x64\release\rsp-hle-static\mupen64p.b1b2c3d4.tlog\lib.command.1.tlog
