c:\users\patte\source\repos\cv64_rmg\cv64-recomp\x64\release\mupen64plus-core-static\eeprom.obj
c:\users\patte\source\repos\cv64_rmg\cv64-recomp\x64\release\mupen64plus-core-static\cart_rom.obj
c:\users\patte\source\repos\cv64_rmg\cv64-recomp\x64\release\mupen64plus-core-static\cart.obj
c:\users\patte\source\repos\cv64_rmg\cv64-recomp\x64\release\mupen64plus-core-static\af_rtc.obj
c:\users\patte\source\repos\cv64_rmg\cv64-recomp\x64\release\mupen64plus-core-static\dbg_memory.obj
c:\users\patte\source\repos\cv64_rmg\cv64-recomp\x64\release\mupen64plus-core-static\dbg_decoder.obj
c:\users\patte\source\repos\cv64_rmg\cv64-recomp\x64\release\mupen64plus-core-static\dbg_debugger.obj
c:\users\patte\source\repos\cv64_rmg\cv64-recomp\x64\release\mupen64plus-core-static\dbg_breakpoints.obj
c:\users\patte\source\repos\cv64_rmg\cv64-recomp\x64\release\mupen64plus-core-static\file_storage.obj
c:\users\patte\source\repos\cv64_rmg\cv64-recomp\x64\release\mupen64plus-core-static\dummy_video_capture.obj
c:\users\patte\source\repos\cv64_rmg\cv64-recomp\x64\release\mupen64plus-core-static\clock_ctime_plus_delta.obj
c:\users\patte\source\repos\cv64_rmg\cv64-recomp\x64\release\mupen64plus-core-static\audio_plugin_compat.obj
c:\users\patte\source\repos\cv64_rmg\cv64-recomp\x64\release\mupen64plus-core-static\input_plugin_compat.obj
c:\users\patte\source\repos\cv64_rmg\cv64-recomp\x64\release\mupen64plus-core-static\video_capture_backend.obj
c:\users\patte\source\repos\cv64_rmg\cv64-recomp\x64\release\mupen64plus-core-static\vidext.obj
c:\users\patte\source\repos\cv64_rmg\cv64-recomp\x64\release\mupen64plus-core-static\frontend.obj
c:\users\patte\source\repos\cv64_rmg\cv64-recomp\x64\release\mupen64plus-core-static\debugger.obj
c:\users\patte\source\repos\cv64_rmg\cv64-recomp\x64\release\mupen64plus-core-static\config.obj
c:\users\patte\source\repos\cv64_rmg\cv64-recomp\x64\release\mupen64plus-core-static\common.obj
c:\users\patte\source\repos\cv64_rmg\cv64-recomp\x64\release\mupen64plus-core-static\callbacks.obj
c:\users\patte\source\repos\cv64_rmg\cv64-recomp\x64\release\mupen64plus-core-static\cp0.obj
c:\users\patte\source\repos\cv64_rmg\cv64-recomp\x64\release\mupen64plus-core-static\cached_interp.obj
c:\users\patte\source\repos\cv64_rmg\cv64-recomp\x64\release\mupen64plus-core-static\pif.obj
c:\users\patte\source\repos\cv64_rmg\cv64-recomp\x64\release\mupen64plus-core-static\n64_cic_nus_6105.obj
c:\users\patte\source\repos\cv64_rmg\cv64-recomp\x64\release\mupen64plus-core-static\cic.obj
c:\users\patte\source\repos\cv64_rmg\cv64-recomp\x64\release\mupen64plus-core-static\bootrom_hle.obj
c:\users\patte\source\repos\cv64_rmg\cv64-recomp\x64\release\mupen64plus-core-static\memory.obj
c:\users\patte\source\repos\cv64_rmg\cv64-recomp\x64\release\mupen64plus-core-static\mbc3_rtc.obj
c:\users\patte\source\repos\cv64_rmg\cv64-recomp\x64\release\mupen64plus-core-static\m64282fp.obj
c:\users\patte\source\repos\cv64_rmg\cv64-recomp\x64\release\mupen64plus-core-static\gb_cart.obj
c:\users\patte\source\repos\cv64_rmg\cv64-recomp\x64\release\mupen64plus-core-static\device.obj
c:\users\patte\source\repos\cv64_rmg\cv64-recomp\x64\release\mupen64plus-core-static\dd_controller.obj
c:\users\patte\source\repos\cv64_rmg\cv64-recomp\x64\release\mupen64plus-core-static\transferpak.obj
c:\users\patte\source\repos\cv64_rmg\cv64-recomp\x64\release\mupen64plus-core-static\rumblepak.obj
c:\users\patte\source\repos\cv64_rmg\cv64-recomp\x64\release\mupen64plus-core-static\mempak.obj
c:\users\patte\source\repos\cv64_rmg\cv64-recomp\x64\release\mupen64plus-core-static\biopak.obj
c:\users\patte\source\repos\cv64_rmg\cv64-recomp\x64\release\mupen64plus-core-static\game_controller.obj
c:\users\patte\source\repos\cv64_rmg\cv64-recomp\x64\release\mupen64plus-core-static\sram.obj
c:\users\patte\source\repos\cv64_rmg\cv64-recomp\x64\release\mupen64plus-core-static\is_viewer.obj
c:\users\patte\source\repos\cv64_rmg\cv64-recomp\x64\release\mupen64plus-core-static\flashram.obj
c:\users\patte\source\repos\cv64_rmg\cv64-recomp\x64\release\mupen64plus-core-static\eventloop.obj
c:\users\patte\source\repos\cv64_rmg\cv64-recomp\x64\release\mupen64plus-core-static\cheat.obj
c:\users\patte\source\repos\cv64_rmg\cv64-recomp\x64\release\mupen64plus-core-static\rdram.obj
c:\users\patte\source\repos\cv64_rmg\cv64-recomp\x64\release\mupen64plus-core-static\vi_controller.obj
c:\users\patte\source\repos\cv64_rmg\cv64-recomp\x64\release\mupen64plus-core-static\si_controller.obj
c:\users\patte\source\repos\cv64_rmg\cv64-recomp\x64\release\mupen64plus-core-static\rsp_core.obj
c:\users\patte\source\repos\cv64_rmg\cv64-recomp\x64\release\mupen64plus-core-static\ri_controller.obj
c:\users\patte\source\repos\cv64_rmg\cv64-recomp\x64\release\mupen64plus-core-static\rdp_core.obj
c:\users\patte\source\repos\cv64_rmg\cv64-recomp\x64\release\mupen64plus-core-static\fb.obj
c:\users\patte\source\repos\cv64_rmg\cv64-recomp\x64\release\mupen64plus-core-static\pi_controller.obj
c:\users\patte\source\repos\cv64_rmg\cv64-recomp\x64\release\mupen64plus-core-static\mi_controller.obj
c:\users\patte\source\repos\cv64_rmg\cv64-recomp\x64\release\mupen64plus-core-static\ai_controller.obj
c:\users\patte\source\repos\cv64_rmg\cv64-recomp\x64\release\mupen64plus-core-static\tlb.obj
c:\users\patte\source\repos\cv64_rmg\cv64-recomp\x64\release\mupen64plus-core-static\r4300_core.obj
c:\users\patte\source\repos\cv64_rmg\cv64-recomp\x64\release\mupen64plus-core-static\pure_interp.obj
c:\users\patte\source\repos\cv64_rmg\cv64-recomp\x64\release\mupen64plus-core-static\interrupt.obj
c:\users\patte\source\repos\cv64_rmg\cv64-recomp\x64\release\mupen64plus-core-static\instr_counters.obj
c:\users\patte\source\repos\cv64_rmg\cv64-recomp\x64\release\mupen64plus-core-static\idec.obj
c:\users\patte\source\repos\cv64_rmg\cv64-recomp\x64\release\mupen64plus-core-static\cp2.obj
c:\users\patte\source\repos\cv64_rmg\cv64-recomp\x64\release\mupen64plus-core-static\cp1.obj
c:\users\patte\source\repos\cv64_rmg\cv64-recomp\x64\release\mupen64plus-core-static\zlib_stub.obj
c:\users\patte\source\repos\cv64_rmg\cv64-recomp\x64\release\mupen64plus-core-static\m64pcore_gliden64_stubs.obj
c:\users\patte\source\repos\cv64_rmg\cv64-recomp\x64\release\mupen64plus-core-static\zip.obj
c:\users\patte\source\repos\cv64_rmg\cv64-recomp\x64\release\mupen64plus-core-static\unzip.obj
c:\users\patte\source\repos\cv64_rmg\cv64-recomp\x64\release\mupen64plus-core-static\ioapi.obj
c:\users\patte\source\repos\cv64_rmg\cv64-recomp\x64\release\mupen64plus-core-static\md5.obj
c:\users\patte\source\repos\cv64_rmg\cv64-recomp\x64\release\mupen64plus-core-static\dummy_video.obj
c:\users\patte\source\repos\cv64_rmg\cv64-recomp\x64\release\mupen64plus-core-static\dummy_rsp.obj
c:\users\patte\source\repos\cv64_rmg\cv64-recomp\x64\release\mupen64plus-core-static\dummy_input.obj
c:\users\patte\source\repos\cv64_rmg\cv64-recomp\x64\release\mupen64plus-core-static\dummy_audio.obj
c:\users\patte\source\repos\cv64_rmg\cv64-recomp\x64\release\mupen64plus-core-static\plugin.obj
c:\users\patte\source\repos\cv64_rmg\cv64-recomp\x64\release\mupen64plus-core-static\files_win32.obj
c:\users\patte\source\repos\cv64_rmg\cv64-recomp\x64\release\mupen64plus-core-static\dynamiclib_win32.obj
c:\users\patte\source\repos\cv64_rmg\cv64-recomp\x64\release\mupen64plus-core-static\util.obj
c:\users\patte\source\repos\cv64_rmg\cv64-recomp\x64\release\mupen64plus-core-static\sdl_key_converter.obj
c:\users\patte\source\repos\cv64_rmg\cv64-recomp\x64\release\mupen64plus-core-static\screenshot.obj
c:\users\patte\source\repos\cv64_rmg\cv64-recomp\x64\release\mupen64plus-core-static\savestates.obj
c:\users\patte\source\repos\cv64_rmg\cv64-recomp\x64\release\mupen64plus-core-static\rom.obj
c:\users\patte\source\repos\cv64_rmg\cv64-recomp\x64\release\mupen64plus-core-static\profile.obj
c:\users\patte\source\repos\cv64_rmg\cv64-recomp\x64\release\mupen64plus-core-static\main.obj
c:\users\patte\source\repos\cv64_rmg\cv64-recomp\x64\release\mupen64plus-core-static\vru_stub.obj
c:\users\patte\source\repos\cv64_rmg\cv64-recomp\x64\release\mupen64plus-core-static\dd_stub.obj
c:\users\patte\source\repos\cv64_rmg\cv64-recomp\x64\release\mupen64plus-core-static\png_stub.obj
c:\users\patte\source\repos\cv64_rmg\cv64-recomp\x64\release\mupen64plus-core-static.lib
c:\users\patte\source\repos\cv64_rmg\cv64-recomp\x64\release\mupen64plus-core-static\mupen64plus-core-static.vcxproj.filelistabsolute.txt
c:\users\patte\source\repos\cv64_rmg\cv64-recomp\x64\release\mupen64plus-core-static\cv64recompcore.tlog\cl.command.1.tlog
c:\users\patte\source\repos\cv64_rmg\cv64-recomp\x64\release\mupen64plus-core-static\cv64recompcore.tlog\cl.items.tlog
c:\users\patte\source\repos\cv64_rmg\cv64-recomp\x64\release\mupen64plus-core-static\cv64recompcore.tlog\cl.read.1.tlog
c:\users\patte\source\repos\cv64_rmg\cv64-recomp\x64\release\mupen64plus-core-static\cv64recompcore.tlog\cl.write.1.tlog
c:\users\patte\source\repos\cv64_rmg\cv64-recomp\x64\release\mupen64plus-core-static\cv64recompcore.tlog\lib-link.read.1.tlog
c:\users\patte\source\repos\cv64_rmg\cv64-recomp\x64\release\mupen64plus-core-static\cv64recompcore.tlog\lib-link.write.1.tlog
c:\users\patte\source\repos\cv64_rmg\cv64-recomp\x64\release\mupen64plus-core-static\cv64recompcore.tlog\lib.command.1.tlog
