c:\users\patte\source\repos\cv64_rmg\cv64_rmg\x64\release\vc145.pdb
c:\users\patte\source\repos\cv64_rmg\cv64_rmg\x64\release\cv64_settings.obj
c:\users\patte\source\repos\cv64_rmg\cv64_rmg\x64\release\cv64_rsp_hle_wrapper.obj
c:\users\patte\source\repos\cv64_rmg\cv64_rmg\x64\release\cv64_rom_loader.obj
c:\users\patte\source\repos\cv64_rmg\cv64_rmg\x64\release\cv64_performance_overlay.obj
c:\users\patte\source\repos\cv64_rmg\cv64_rmg\x64\release\cv64_memory_hook.obj
c:\users\patte\source\repos\cv64_rmg\cv64_rmg\x64\release\cv64_m64p_integration_static.obj
c:\users\patte\source\repos\cv64_rmg\cv64_rmg\x64\release\cv64_m64p_integration.obj
c:\users\patte\source\repos\cv64_rmg\cv64_rmg\x64\release\cv64_input_remapping.obj
c:\users\patte\source\repos\cv64_rmg\cv64_rmg\x64\release\cv64_input_plugin.obj
c:\users\patte\source\repos\cv64_rmg\cv64_rmg\x64\release\cv64_ini_parser.obj
c:\users\patte\source\repos\cv64_rmg\cv64_rmg\x64\release\cv64_gliden64_wrapper.obj
c:\users\patte\source\repos\cv64_rmg\cv64_rmg\x64\release\cv64_gfx_plugin.obj
c:\users\patte\source\repos\cv64_rmg\cv64_rmg\x64\release\cv64_embedded_rom.obj
c:\users\patte\source\repos\cv64_rmg\cv64_rmg\x64\release\cv64_dummy_video.obj
c:\users\patte\source\repos\cv64_rmg\cv64_rmg\x64\release\cv64_controller.obj
c:\users\patte\source\repos\cv64_rmg\cv64_rmg\x64\release\cv64_config_bridge.obj
c:\users\patte\source\repos\cv64_rmg\cv64_rmg\x64\release\cv64_camera_patch.obj
c:\users\patte\source\repos\cv64_rmg\cv64_rmg\x64\release\cv64_bps_patch.obj
c:\users\patte\source\repos\cv64_rmg\cv64_rmg\x64\release\cv64_audio_sdl.obj
c:\users\patte\source\repos\cv64_rmg\cv64_rmg\x64\release\cv64_rmg.obj
c:\users\patte\source\repos\cv64_rmg\cv64_rmg\x64\release\cv64_vidext.obj
c:\users\patte\source\repos\cv64_rmg\cv64_rmg\x64\release\cv64_threading.obj
c:\users\patte\source\repos\cv64_rmg\cv64_rmg\x64\release\cv64_static_plugins.obj
c:\users\patte\source\repos\cv64_rmg\x64\release\cv64_rmg.exe
c:\users\patte\source\repos\cv64_rmg\x64\release\cv64_rmg.pdb
c:\users\patte\source\repos\cv64_rmg\cv64_rmg\x64\release\cv64_rmg.res
c:\users\patte\source\repos\cv64_rmg\cv64_rmg\x64\release\cv64_embedded_rom.res
c:\users\patte\source\repos\cv64_rmg\x64\release\cv64_rmg.lib
c:\users\patte\source\repos\cv64_rmg\x64\release\cv64_rmg.exp
c:\users\patte\source\repos\cv64_rmg\cv64_rmg\x64\release\cv64_rmg.ipdb
c:\users\patte\source\repos\cv64_rmg\cv64_rmg\x64\release\cv64_rmg.iobj
c:\users\patte\source\repos\cv64_rmg\cv64_rmg\x64\release\cv64_rmg.tlog\cl.command.1.tlog
c:\users\patte\source\repos\cv64_rmg\cv64_rmg\x64\release\cv64_rmg.tlog\cl.items.tlog
c:\users\patte\source\repos\cv64_rmg\cv64_rmg\x64\release\cv64_rmg.tlog\cl.read.1.tlog
c:\users\patte\source\repos\cv64_rmg\cv64_rmg\x64\release\cv64_rmg.tlog\cl.write.1.tlog
c:\users\patte\source\repos\cv64_rmg\cv64_rmg\x64\release\cv64_rmg.tlog\link.command.1.tlog
c:\users\patte\source\repos\cv64_rmg\cv64_rmg\x64\release\cv64_rmg.tlog\link.read.1.tlog
c:\users\patte\source\repos\cv64_rmg\cv64_rmg\x64\release\cv64_rmg.tlog\link.secondary.1.tlog
c:\users\patte\source\repos\cv64_rmg\cv64_rmg\x64\release\cv64_rmg.tlog\link.write.1.tlog
c:\users\patte\source\repos\cv64_rmg\cv64_rmg\x64\release\cv64_rmg.tlog\rc.command.1.tlog
c:\users\patte\source\repos\cv64_rmg\cv64_rmg\x64\release\cv64_rmg.tlog\rc.read.1.tlog
c:\users\patte\source\repos\cv64_rmg\cv64_rmg\x64\release\cv64_rmg.tlog\rc.write.1.tlog
