c:\users\patte\source\repos\cv64_rmg\mupen64plus-video-gliden64-static\x64\release\gliden64-static\osal_files_win32.obj
c:\users\patte\source\repos\cv64_rmg\mupen64plus-video-gliden64-static\x64\release\gliden64-static\osal_keys_win.obj
c:\users\patte\source\repos\cv64_rmg\mupen64plus-video-gliden64-static\x64\release\gliden64-static\convert.obj
c:\users\patte\source\repos\cv64_rmg\mupen64plus-video-gliden64-static\x64\release\gliden64-static\framebuffer.obj
c:\users\patte\source\repos\cv64_rmg\mupen64plus-video-gliden64-static\x64\release\gliden64-static\softwarerender.obj
c:\users\patte\source\repos\cv64_rmg\mupen64plus-video-gliden64-static\x64\release\gliden64-static\objecthandle.obj
c:\users\patte\source\repos\cv64_rmg\mupen64plus-video-gliden64-static\x64\release\gliden64-static\opengl_attributes.obj
c:\users\patte\source\repos\cv64_rmg\mupen64plus-video-gliden64-static\x64\release\gliden64-static\opengl_unbuffereddrawer.obj
c:\users\patte\source\repos\cv64_rmg\mupen64plus-video-gliden64-static\x64\release\gliden64-static\glsl_combinerprogramuniformfactorycommon.obj
c:\users\patte\source\repos\cv64_rmg\mupen64plus-video-gliden64-static\x64\release\gliden64-static\f3dflx2.obj
c:\users\patte\source\repos\cv64_rmg\mupen64plus-video-gliden64-static\x64\release\gliden64-static\f5indi_naboo.obj
c:\users\patte\source\repos\cv64_rmg\mupen64plus-video-gliden64-static\x64\release\gliden64-static\3dmath.obj
c:\users\patte\source\repos\cv64_rmg\mupen64plus-video-gliden64-static\x64\release\gliden64-static\gbi.obj
c:\users\patte\source\repos\cv64_rmg\mupen64plus-video-gliden64-static\x64\release\gliden64-static\mupenpluspluginapi.obj
c:\users\patte\source\repos\cv64_rmg\mupen64plus-video-gliden64-static\x64\release\gliden64-static\texrectdrawer.obj
c:\users\patte\source\repos\cv64_rmg\mupen64plus-video-gliden64-static\x64\release\gliden64-static\opengl_buffermanipulationobjectfactory.obj
c:\users\patte\source\repos\cv64_rmg\mupen64plus-video-gliden64-static\x64\release\gliden64-static\mupen64plus_displaywindow.obj
c:\users\patte\source\repos\cv64_rmg\mupen64plus-video-gliden64-static\x64\release\gliden64-static\glsl_specialshadersfactory.obj
c:\users\patte\source\repos\cv64_rmg\mupen64plus-video-gliden64-static\x64\release\gliden64-static\l3dex.obj
c:\users\patte\source\repos\cv64_rmg\mupen64plus-video-gliden64-static\x64\release\gliden64-static\opengl_wrappedfunctions.obj
c:\users\patte\source\repos\cv64_rmg\mupen64plus-video-gliden64-static\x64\release\gliden64-static\debugger.obj
c:\users\patte\source\repos\cv64_rmg\mupen64plus-video-gliden64-static\x64\release\gliden64-static\rsp_loadmatrix.obj
c:\users\patte\source\repos\cv64_rmg\mupen64plus-video-gliden64-static\x64\release\gliden64-static\textures.obj
c:\users\patte\source\repos\cv64_rmg\mupen64plus-video-gliden64-static\x64\release\gliden64-static\opengl_glinfo.obj
c:\users\patte\source\repos\cv64_rmg\mupen64plus-video-gliden64-static\x64\release\gliden64-static\glsl_combinerinputs.obj
c:\users\patte\source\repos\cv64_rmg\mupen64plus-video-gliden64-static\x64\release\gliden64-static\glsl_combinerprogramuniformfactory.obj
c:\users\patte\source\repos\cv64_rmg\mupen64plus-video-gliden64-static\x64\release\gliden64-static\colorbuffertordram.obj
c:\users\patte\source\repos\cv64_rmg\mupen64plus-video-gliden64-static\x64\release\gliden64-static\l3d.obj
c:\users\patte\source\repos\cv64_rmg\mupen64plus-video-gliden64-static\x64\release\gliden64-static\opengl_command.obj
c:\users\patte\source\repos\cv64_rmg\mupen64plus-video-gliden64-static\x64\release\gliden64-static\combiner.obj
c:\users\patte\source\repos\cv64_rmg\mupen64plus-video-gliden64-static\x64\release\gliden64-static\postprocessor.obj
c:\users\patte\source\repos\cv64_rmg\mupen64plus-video-gliden64-static\x64\release\gliden64-static\colorbufferreader.obj
c:\users\patte\source\repos\cv64_rmg\mupen64plus-video-gliden64-static\x64\release\gliden64-static\opengl_colorbufferreaderwithreadpixels.obj
c:\users\patte\source\repos\cv64_rmg\mupen64plus-video-gliden64-static\x64\release\gliden64-static\config_mupenplus.obj
c:\users\patte\source\repos\cv64_rmg\mupen64plus-video-gliden64-static\x64\release\gliden64-static\glsl_combinerprogrambuildercommon.obj
c:\users\patte\source\repos\cv64_rmg\mupen64plus-video-gliden64-static\x64\release\gliden64-static\rdramtocolorbuffer.obj
c:\users\patte\source\repos\cv64_rmg\mupen64plus-video-gliden64-static\x64\release\gliden64-static\s2dex2.obj
c:\users\patte\source\repos\cv64_rmg\mupen64plus-video-gliden64-static\x64\release\gliden64-static\opengl_wrapper.obj
c:\users\patte\source\repos\cv64_rmg\mupen64plus-video-gliden64-static\x64\release\gliden64-static\crc_opt.obj
c:\users\patte\source\repos\cv64_rmg\mupen64plus-video-gliden64-static\x64\release\gliden64-static\framebufferinfo.obj
c:\users\patte\source\repos\cv64_rmg\mupen64plus-video-gliden64-static\x64\release\gliden64-static\n64.obj
c:\users\patte\source\repos\cv64_rmg\mupen64plus-video-gliden64-static\x64\release\gliden64-static\performance.obj
c:\users\patte\source\repos\cv64_rmg\mupen64plus-video-gliden64-static\x64\release\gliden64-static\textdrawerstub.obj
c:\users\patte\source\repos\cv64_rmg\mupen64plus-video-gliden64-static\x64\release\gliden64-static\context.obj
c:\users\patte\source\repos\cv64_rmg\mupen64plus-video-gliden64-static\x64\release\gliden64-static\opengl_utils.obj
c:\users\patte\source\repos\cv64_rmg\mupen64plus-video-gliden64-static\x64\release\gliden64-static\glsl_fxaa.obj
c:\users\patte\source\repos\cv64_rmg\mupen64plus-video-gliden64-static\x64\release\gliden64-static\f3ddkr.obj
c:\users\patte\source\repos\cv64_rmg\mupen64plus-video-gliden64-static\x64\release\gliden64-static\f3dex2acclaim.obj
c:\users\patte\source\repos\cv64_rmg\mupen64plus-video-gliden64-static\x64\release\gliden64-static\f3dtexa.obj
c:\users\patte\source\repos\cv64_rmg\mupen64plus-video-gliden64-static\x64\release\gliden64-static\zsort.obj
c:\users\patte\source\repos\cv64_rmg\mupen64plus-video-gliden64-static\x64\release\gliden64-static\depthbuffer.obj
c:\users\patte\source\repos\cv64_rmg\mupen64plus-video-gliden64-static\x64\release\gliden64-static\iob.obj
c:\users\patte\source\repos\cv64_rmg\mupen64plus-video-gliden64-static\x64\release\gliden64-static\log.obj
c:\users\patte\source\repos\cv64_rmg\mupen64plus-video-gliden64-static\x64\release\gliden64-static\combinerprogram.obj
c:\users\patte\source\repos\cv64_rmg\mupen64plus-video-gliden64-static\x64\release\gliden64-static\opengl_colorbufferreaderwithbufferstorage.obj
c:\users\patte\source\repos\cv64_rmg\mupen64plus-video-gliden64-static\x64\release\gliden64-static\screenshot.obj
c:\users\patte\source\repos\cv64_rmg\mupen64plus-video-gliden64-static\x64\release\gliden64-static\glsl_combinerprogrambuilder.obj
c:\users\patte\source\repos\cv64_rmg\mupen64plus-video-gliden64-static\x64\release\gliden64-static\glsl_utils.obj
c:\users\patte\source\repos\cv64_rmg\mupen64plus-video-gliden64-static\x64\release\gliden64-static\displayloadprogress.obj
c:\users\patte\source\repos\cv64_rmg\mupen64plus-video-gliden64-static\x64\release\gliden64-static\rdp.obj
c:\users\patte\source\repos\cv64_rmg\mupen64plus-video-gliden64-static\x64\release\gliden64-static\zluttexture.obj
c:\users\patte\source\repos\cv64_rmg\mupen64plus-video-gliden64-static\x64\release\gliden64-static\opengl_colorbufferreaderwithpixelbuffer.obj
c:\users\patte\source\repos\cv64_rmg\mupen64plus-video-gliden64-static\x64\release\gliden64-static\commonapiimpl_mupenplus.obj
c:\users\patte\source\repos\cv64_rmg\mupen64plus-video-gliden64-static\x64\release\gliden64-static\glsl_combinerprogramimpl.obj
c:\users\patte\source\repos\cv64_rmg\mupen64plus-video-gliden64-static\x64\release\gliden64-static\depthbufferrender.obj
c:\users\patte\source\repos\cv64_rmg\mupen64plus-video-gliden64-static\x64\release\gliden64-static\f3dam.obj
c:\users\patte\source\repos\cv64_rmg\mupen64plus-video-gliden64-static\x64\release\gliden64-static\f3dex095.obj
c:\users\patte\source\repos\cv64_rmg\mupen64plus-video-gliden64-static\x64\release\gliden64-static\f3dgolden.obj
c:\users\patte\source\repos\cv64_rmg\mupen64plus-video-gliden64-static\x64\release\gliden64-static\l3dex2.obj
c:\users\patte\source\repos\cv64_rmg\mupen64plus-video-gliden64-static\x64\release\gliden64-static\opengl_objectpool.obj
c:\users\patte\source\repos\cv64_rmg\mupen64plus-video-gliden64-static\x64\release\gliden64-static\ringbufferpool.obj
c:\users\patte\source\repos\cv64_rmg\mupen64plus-video-gliden64-static\x64\release\gliden64-static\crc32.obj
c:\users\patte\source\repos\cv64_rmg\mupen64plus-video-gliden64-static\x64\release\gliden64-static\displaywindow.obj
c:\users\patte\source\repos\cv64_rmg\mupen64plus-video-gliden64-static\x64\release\gliden64-static\rsp.obj
c:\users\patte\source\repos\cv64_rmg\mupen64plus-video-gliden64-static\x64\release\gliden64-static\opengl_cachedfunctions.obj
c:\users\patte\source\repos\cv64_rmg\mupen64plus-video-gliden64-static\x64\release\gliden64-static\bluenoisetexture.obj
c:\users\patte\source\repos\cv64_rmg\mupen64plus-video-gliden64-static\x64\release\gliden64-static\commonapiimpl_common.obj
c:\users\patte\source\repos\cv64_rmg\mupen64plus-video-gliden64-static\x64\release\gliden64-static\glsl_combinerprogrambuilderfast.obj
c:\users\patte\source\repos\cv64_rmg\mupen64plus-video-gliden64-static\x64\release\gliden64-static\depthbuffertordram.obj
c:\users\patte\source\repos\cv64_rmg\mupen64plus-video-gliden64-static\x64\release\gliden64-static\s2dex.obj
c:\users\patte\source\repos\cv64_rmg\mupen64plus-video-gliden64-static\x64\release\gliden64-static\config.obj
c:\users\patte\source\repos\cv64_rmg\mupen64plus-video-gliden64-static\x64\release\gliden64-static\gsp.obj
c:\users\patte\source\repos\cv64_rmg\mupen64plus-video-gliden64-static\x64\release\gliden64-static\texturefilterhandler.obj
c:\users\patte\source\repos\cv64_rmg\mupen64plus-video-gliden64-static\x64\release\gliden64-static\opengl_contextimpl.obj
c:\users\patte\source\repos\cv64_rmg\mupen64plus-video-gliden64-static\x64\release\gliden64-static\mupenplusapiimpl.obj
c:\users\patte\source\repos\cv64_rmg\mupen64plus-video-gliden64-static\x64\release\gliden64-static\glsl_combinerprogramuniformfactoryaccurate.obj
c:\users\patte\source\repos\cv64_rmg\mupen64plus-video-gliden64-static\x64\release\gliden64-static\f3d.obj
c:\users\patte\source\repos\cv64_rmg\mupen64plus-video-gliden64-static\x64\release\gliden64-static\f3dex.obj
c:\users\patte\source\repos\cv64_rmg\mupen64plus-video-gliden64-static\x64\release\gliden64-static\f3dex3.obj
c:\users\patte\source\repos\cv64_rmg\mupen64plus-video-gliden64-static\x64\release\gliden64-static\f5rogue.obj
c:\users\patte\source\repos\cv64_rmg\mupen64plus-video-gliden64-static\x64\release\gliden64-static\debugdump.obj
c:\users\patte\source\repos\cv64_rmg\mupen64plus-video-gliden64-static\x64\release\gliden64-static\palettetexture.obj
c:\users\patte\source\repos\cv64_rmg\mupen64plus-video-gliden64-static\x64\release\gliden64-static\vi.obj
c:\users\patte\source\repos\cv64_rmg\mupen64plus-video-gliden64-static\x64\release\gliden64-static\opengl_parameters.obj
c:\users\patte\source\repos\cv64_rmg\mupen64plus-video-gliden64-static\x64\release\gliden64-static\memorystatus_mupenplus.obj
c:\users\patte\source\repos\cv64_rmg\mupen64plus-video-gliden64-static\x64\release\gliden64-static\glsl_combinerprogrambuilderaccurate.obj
c:\users\patte\source\repos\cv64_rmg\mupen64plus-video-gliden64-static\x64\release\gliden64-static\clippolygon.obj
c:\users\patte\source\repos\cv64_rmg\mupen64plus-video-gliden64-static\x64\release\gliden64-static\f3dbeta.obj
c:\users\patte\source\repos\cv64_rmg\mupen64plus-video-gliden64-static\x64\release\gliden64-static\f3dex2.obj
c:\users\patte\source\repos\cv64_rmg\mupen64plus-video-gliden64-static\x64\release\gliden64-static\f3dpd.obj
c:\users\patte\source\repos\cv64_rmg\mupen64plus-video-gliden64-static\x64\release\gliden64-static\t3dux.obj
c:\users\patte\source\repos\cv64_rmg\mupen64plus-video-gliden64-static\x64\release\gliden64-static\combinerkey.obj
c:\users\patte\source\repos\cv64_rmg\mupen64plus-video-gliden64-static\x64\release\gliden64-static\gliden64.obj
c:\users\patte\source\repos\cv64_rmg\mupen64plus-video-gliden64-static\x64\release\gliden64-static\graphicsdrawer.obj
c:\users\patte\source\repos\cv64_rmg\mupen64plus-video-gliden64-static\x64\release\gliden64-static\glfunctions.obj
c:\users\patte\source\repos\cv64_rmg\mupen64plus-video-gliden64-static\x64\release\gliden64-static\opengl_texturemanipulationobjectfactory.obj
c:\users\patte\source\repos\cv64_rmg\mupen64plus-video-gliden64-static\x64\release\gliden64-static\glsl_combinerprogramuniformfactoryfast.obj
c:\users\patte\source\repos\cv64_rmg\mupen64plus-video-gliden64-static\x64\release\gliden64-static\f3dex2cbfd.obj
c:\users\patte\source\repos\cv64_rmg\mupen64plus-video-gliden64-static\x64\release\gliden64-static\f3dzex2.obj
c:\users\patte\source\repos\cv64_rmg\mupen64plus-video-gliden64-static\x64\release\gliden64-static\zsortboss.obj
c:\users\patte\source\repos\cv64_rmg\mupen64plus-video-gliden64-static\x64\release\gliden64-static\commonpluginapi.obj
c:\users\patte\source\repos\cv64_rmg\mupen64plus-video-gliden64-static\x64\release\gliden64-static\gdp.obj
c:\users\patte\source\repos\cv64_rmg\mupen64plus-video-gliden64-static\x64\release\gliden64-static\txfilterstub.obj
c:\users\patte\source\repos\cv64_rmg\mupen64plus-video-gliden64-static\x64\release\gliden64-static\opengl_buffereddrawer.obj
c:\users\patte\source\repos\cv64_rmg\mupen64plus-video-gliden64-static\x64\release\gliden64-static\windowswgl.obj
c:\users\patte\source\repos\cv64_rmg\mupen64plus-video-gliden64-static\x64\release\gliden64-static\glsl_shaderstorage.obj
c:\users\patte\source\repos\cv64_rmg\mupen64plus-video-gliden64-static\x64\release\gliden64-static\f3dseta.obj
c:\users\patte\source\repos\cv64_rmg\mupen64plus-video-gliden64-static\x64\release\gliden64-static\turbo3d.obj
c:\users\patte\source\repos\cv64_rmg\mupen64plus-video-gliden64-static\x64\release\mupen64plus-video-gliden64-static.pdb
c:\users\patte\source\repos\cv64_rmg\mupen64plus-video-gliden64-static\x64\release\mupen64plus-video-gliden64-static.lib
c:\users\patte\source\repos\cv64_rmg\mupen64plus-video-gliden64-static\x64\release\gliden64-static\mupen64plus-video-gliden64-static.vcxproj.filelistabsolute.txt
c:\users\patte\source\repos\cv64_rmg\mupen64plus-video-gliden64-static\x64\release\gliden64-static\mupen64p.a1b2c3d4.tlog\cl.10252.write.1.tlog
c:\users\patte\source\repos\cv64_rmg\mupen64plus-video-gliden64-static\x64\release\gliden64-static\mupen64p.a1b2c3d4.tlog\cl.command.1.tlog
c:\users\patte\source\repos\cv64_rmg\mupen64plus-video-gliden64-static\x64\release\gliden64-static\mupen64p.a1b2c3d4.tlog\cl.items.tlog
c:\users\patte\source\repos\cv64_rmg\mupen64plus-video-gliden64-static\x64\release\gliden64-static\mupen64p.a1b2c3d4.tlog\cl.read.1.tlog
c:\users\patte\source\repos\cv64_rmg\mupen64plus-video-gliden64-static\x64\release\gliden64-static\mupen64p.a1b2c3d4.tlog\lib-link.read.1.tlog
c:\users\patte\source\repos\cv64_rmg\mupen64plus-video-gliden64-static\x64\release\gliden64-static\mupen64p.a1b2c3d4.tlog\lib-link.write.1.tlog
c:\users\patte\source\repos\cv64_rmg\mupen64plus-video-gliden64-static\x64\release\gliden64-static\mupen64p.a1b2c3d4.tlog\lib.command.1.tlog
