c:\users\patte\source\repos\cv64_rmg\cv64_rmg\debug\vc145.pdb
c:\users\patte\source\repos\cv64_rmg\cv64_rmg\debug\vc145.idb
c:\users\patte\source\repos\cv64_rmg\cv64_rmg\debug\cv64_rom_loader.obj
c:\users\patte\source\repos\cv64_rmg\cv64_rmg\debug\cv64_memory_hook.obj
c:\users\patte\source\repos\cv64_rmg\cv64_rmg\debug\cv64_m64p_integration.obj
c:\users\patte\source\repos\cv64_rmg\cv64_rmg\debug\cv64_gfx_plugin.obj
c:\users\patte\source\repos\cv64_rmg\cv64_rmg\debug\cv64_controller.obj
c:\users\patte\source\repos\cv64_rmg\cv64_rmg\debug\cv64_camera_patch.obj
c:\users\patte\source\repos\cv64_rmg\cv64_rmg\debug\cv64_rmg.obj
c:\users\patte\source\repos\cv64_rmg\debug\cv64_rmg.exe
c:\users\patte\source\repos\cv64_rmg\debug\cv64_rmg.pdb
c:\users\patte\source\repos\cv64_rmg\cv64_rmg\debug\cv64_rmg.res
c:\users\patte\source\repos\cv64_rmg\debug\cv64_rmg.lib
c:\users\patte\source\repos\cv64_rmg\debug\cv64_rmg.exp
c:\users\patte\source\repos\cv64_rmg\cv64_rmg\debug\cv64_rmg.ilk
c:\users\patte\source\repos\cv64_rmg\cv64_rmg\debug\cv64_rmg.tlog\cl.command.1.tlog
c:\users\patte\source\repos\cv64_rmg\cv64_rmg\debug\cv64_rmg.tlog\cl.items.tlog
c:\users\patte\source\repos\cv64_rmg\cv64_rmg\debug\cv64_rmg.tlog\cl.read.1.tlog
c:\users\patte\source\repos\cv64_rmg\cv64_rmg\debug\cv64_rmg.tlog\cl.write.1.tlog
c:\users\patte\source\repos\cv64_rmg\cv64_rmg\debug\cv64_rmg.tlog\link.command.1.tlog
c:\users\patte\source\repos\cv64_rmg\cv64_rmg\debug\cv64_rmg.tlog\link.read.1.tlog
c:\users\patte\source\repos\cv64_rmg\cv64_rmg\debug\cv64_rmg.tlog\link.secondary.1.tlog
c:\users\patte\source\repos\cv64_rmg\cv64_rmg\debug\cv64_rmg.tlog\link.write.1.tlog
c:\users\patte\source\repos\cv64_rmg\cv64_rmg\debug\cv64_rmg.tlog\rc.command.1.tlog
c:\users\patte\source\repos\cv64_rmg\cv64_rmg\debug\cv64_rmg.tlog\rc.read.1.tlog
c:\users\patte\source\repos\cv64_rmg\cv64_rmg\debug\cv64_rmg.tlog\rc.write.1.tlog
